AH00558: httpd: Could not reliably determine the server's fully qualified domain name, using 172.17.0.2. Set the 'ServerName' directive globally to suppress this message
[Tue Jul 14 06:57:25.217563 2020] [mpm_event:notice] [pid 1:tid 139888984704128] AH00489: Apache/2.4.43 (Unix) configured -- resuming normal operations
[Tue Jul 14 06:57:25.217735 2020] [mpm_event:info] [pid 1:tid 139888984704128] AH00490: Server built: Jun  9 2020 07:00:39
[Tue Jul 14 06:57:25.217749 2020] [core:notice] [pid 1:tid 139888984704128] AH00094: Command line: 'httpd -D FOREGROUND'
[Tue Jul 14 07:05:05.142365 2020] [core:info] [pid 1:tid 139888984704128] AH00096: removed PID file /usr/local/apache2/logs/httpd.pid (pid=1)
[Tue Jul 14 07:05:05.142408 2020] [mpm_event:notice] [pid 1:tid 139888984704128] AH00492: caught SIGWINCH, shutting down gracefully
AH00558: httpd: Could not reliably determine the server's fully qualified domain name, using 172.17.0.2. Set the 'ServerName' directive globally to suppress this message
[Tue Jul 14 07:06:06.078478 2020] [mpm_event:notice] [pid 1:tid 140549673526400] AH00489: Apache/2.4.43 (Unix) configured -- resuming normal operations
[Tue Jul 14 07:06:06.078653 2020] [mpm_event:info] [pid 1:tid 140549673526400] AH00490: Server built: Jun  9 2020 07:00:39
[Tue Jul 14 07:06:06.078668 2020] [core:notice] [pid 1:tid 140549673526400] AH00094: Command line: 'httpd -D FOREGROUND'
[Tue Jul 14 07:28:46.773727 2020] [core:info] [pid 1:tid 140549673526400] AH00096: removed PID file /usr/local/apache2/logs/httpd.pid (pid=1)
[Tue Jul 14 07:28:46.773776 2020] [mpm_event:notice] [pid 1:tid 140549673526400] AH00492: caught SIGWINCH, shutting down gracefully
AH00558: httpd: Could not reliably determine the server's fully qualified domain name, using 172.18.0.4. Set the 'ServerName' directive globally to suppress this message
[Tue Jul 14 07:29:25.188650 2020] [mpm_event:notice] [pid 1:tid 139889518036096] AH00489: Apache/2.4.43 (Unix) configured -- resuming normal operations
[Tue Jul 14 07:29:25.188807 2020] [mpm_event:info] [pid 1:tid 139889518036096] AH00490: Server built: Jun  9 2020 07:00:39
[Tue Jul 14 07:29:25.188819 2020] [core:notice] [pid 1:tid 139889518036096] AH00094: Command line: 'httpd -D FOREGROUND'
[Tue Jul 14 07:35:55.350282 2020] [core:info] [pid 1:tid 139889518036096] AH00096: removed PID file /usr/local/apache2/logs/httpd.pid (pid=1)
[Tue Jul 14 07:35:55.350329 2020] [mpm_event:notice] [pid 1:tid 139889518036096] AH00492: caught SIGWINCH, shutting down gracefully
AH00558: httpd: Could not reliably determine the server's fully qualified domain name, using 172.19.0.4. Set the 'ServerName' directive globally to suppress this message
[Tue Jul 14 07:36:16.678912 2020] [mpm_event:notice] [pid 1:tid 139901820114048] AH00489: Apache/2.4.43 (Unix) configured -- resuming normal operations
[Tue Jul 14 07:36:16.679119 2020] [mpm_event:info] [pid 1:tid 139901820114048] AH00490: Server built: Jun  9 2020 07:00:39
[Tue Jul 14 07:36:16.679133 2020] [core:notice] [pid 1:tid 139901820114048] AH00094: Command line: 'httpd -D FOREGROUND'
[Tue Jul 14 07:38:13.693814 2020] [core:info] [pid 1:tid 139901820114048] AH00096: removed PID file /usr/local/apache2/logs/httpd.pid (pid=1)
[Tue Jul 14 07:38:13.693856 2020] [mpm_event:notice] [pid 1:tid 139901820114048] AH00492: caught SIGWINCH, shutting down gracefully
AH00558: httpd: Could not reliably determine the server's fully qualified domain name, using 172.20.0.4. Set the 'ServerName' directive globally to suppress this message
[Tue Jul 14 07:38:19.958966 2020] [mpm_event:notice] [pid 1:tid 140566959486080] AH00489: Apache/2.4.43 (Unix) configured -- resuming normal operations
[Tue Jul 14 07:38:19.959130 2020] [mpm_event:info] [pid 1:tid 140566959486080] AH00490: Server built: Jun  9 2020 07:00:39
[Tue Jul 14 07:38:19.959144 2020] [core:notice] [pid 1:tid 140566959486080] AH00094: Command line: 'httpd -D FOREGROUND'
[Tue Jul 14 07:46:16.418705 2020] [core:info] [pid 1:tid 140566959486080] AH00096: removed PID file /usr/local/apache2/logs/httpd.pid (pid=1)
[Tue Jul 14 07:46:16.418745 2020] [mpm_event:notice] [pid 1:tid 140566959486080] AH00492: caught SIGWINCH, shutting down gracefully
AH00558: httpd: Could not reliably determine the server's fully qualified domain name, using 172.21.0.4. Set the 'ServerName' directive globally to suppress this message
[Tue Jul 14 07:46:26.242258 2020] [mpm_event:notice] [pid 1:tid 140640429003904] AH00489: Apache/2.4.43 (Unix) configured -- resuming normal operations
[Tue Jul 14 07:46:26.242495 2020] [mpm_event:info] [pid 1:tid 140640429003904] AH00490: Server built: Jun  9 2020 07:00:39
[Tue Jul 14 07:46:26.242536 2020] [core:notice] [pid 1:tid 140640429003904] AH00094: Command line: 'httpd -D FOREGROUND'
[Tue Jul 14 07:47:20.459959 2020] [core:info] [pid 1:tid 140640429003904] AH00096: removed PID file /usr/local/apache2/logs/httpd.pid (pid=1)
[Tue Jul 14 07:47:20.462127 2020] [mpm_event:notice] [pid 1:tid 140640429003904] AH00492: caught SIGWINCH, shutting down gracefully
AH00558: httpd: Could not reliably determine the server's fully qualified domain name, using 172.22.0.2. Set the 'ServerName' directive globally to suppress this message
[Tue Jul 14 07:50:41.335329 2020] [mpm_event:notice] [pid 1:tid 140222290285696] AH00489: Apache/2.4.43 (Unix) configured -- resuming normal operations
[Tue Jul 14 07:50:41.335509 2020] [mpm_event:info] [pid 1:tid 140222290285696] AH00490: Server built: Jun  9 2020 07:00:39
[Tue Jul 14 07:50:41.335525 2020] [core:notice] [pid 1:tid 140222290285696] AH00094: Command line: 'httpd -D FOREGROUND'
[Tue Jul 14 12:46:01.748619 2020] [core:info] [pid 1:tid 140222290285696] AH00096: removed PID file /usr/local/apache2/logs/httpd.pid (pid=1)
[Tue Jul 14 12:46:01.748657 2020] [mpm_event:notice] [pid 1:tid 140222290285696] AH00492: caught SIGWINCH, shutting down gracefully
